<?xml version="1.0" encoding="UTF-8"?>
<testng-results ignored="0" total="3" passed="3" failed="0" skipped="0">
  <reporter-output>
  </reporter-output>
  <suite started-at="2023-09-14T14:44:01 IST" name="Default suite" finished-at="2023-09-14T14:44:01 IST" duration-ms="89">
    <groups>
    </groups>
    <test started-at="2023-09-14T14:44:01 IST" name="Default test" finished-at="2023-09-14T14:44:01 IST" duration-ms="89">
      <class name="Buildtest">
        <test-method signature="div()[pri:0, instance:Buildtest@6adbc9d]" started-at="2023-09-14T14:44:01 IST" name="div" finished-at="2023-09-14T14:44:01 IST" duration-ms="14" status="PASS">
          <reporter-output>
          </reporter-output>
        </test-method> <!-- div -->
        <test-method signature="multi()[pri:0, instance:Buildtest@6adbc9d]" started-at="2023-09-14T14:44:01 IST" name="multi" finished-at="2023-09-14T14:44:01 IST" duration-ms="3" status="PASS">
          <reporter-output>
          </reporter-output>
        </test-method> <!-- multi -->
        <test-method signature="sum()[pri:0, instance:Buildtest@6adbc9d]" started-at="2023-09-14T14:44:01 IST" name="sum" finished-at="2023-09-14T14:44:01 IST" duration-ms="5" status="PASS">
          <reporter-output>
          </reporter-output>
        </test-method> <!-- sum -->
      </class> <!-- Buildtest -->
    </test> <!-- Default test -->
  </suite> <!-- Default suite -->
</testng-results>
